<?xml version="1.0" encoding="UTF-8" ?>
<testsuite tests="66" failures="0" name="org.sbolstandard.core2.SBOLWriterTest" time="5.676" errors="0" skipped="0">
  <properties>
    <property name="java.runtime.name" value="Java(TM) SE Runtime Environment"/>
    <property name="sun.boot.library.path" value="C:\Program Files\Java\jdk1.8.0_72\jre\bin"/>
    <property name="java.vm.version" value="25.72-b15"/>
    <property name="java.vm.vendor" value="Oracle Corporation"/>
    <property name="maven.multiModuleProjectDirectory" value="C:\Users\Zach Zundel\libSBOLj"/>
    <property name="java.vendor.url" value="http://java.oracle.com/"/>
    <property name="path.separator" value=";"/>
    <property name="guice.disable.misplaced.annotation.check" value="true"/>
    <property name="java.vm.name" value="Java HotSpot(TM) 64-Bit Server VM"/>
    <property name="file.encoding.pkg" value="sun.io"/>
    <property name="user.script" value=""/>
    <property name="user.country" value="US"/>
    <property name="sun.java.launcher" value="SUN_STANDARD"/>
    <property name="sun.os.patch.level" value=""/>
    <property name="java.vm.specification.name" value="Java Virtual Machine Specification"/>
    <property name="user.dir" value="C:\Users\Zach Zundel\libSBOLj"/>
    <property name="java.runtime.version" value="1.8.0_72-b15"/>
    <property name="java.awt.graphicsenv" value="sun.awt.Win32GraphicsEnvironment"/>
    <property name="java.endorsed.dirs" value="C:\Program Files\Java\jdk1.8.0_72\jre\lib\endorsed"/>
    <property name="os.arch" value="amd64"/>
    <property name="java.io.tmpdir" value="C:\Users\ZACHZU~1\AppData\Local\Temp\"/>
    <property name="line.separator" value="
"/>
    <property name="java.vm.specification.vendor" value="Oracle Corporation"/>
    <property name="user.variant" value=""/>
    <property name="os.name" value="Windows 10"/>
    <property name="classworlds.conf" value="C:\Program Files\apache-maven-3.3.9\bin\..\bin\m2.conf"/>
    <property name="sun.jnu.encoding" value="Cp1252"/>
    <property name="java.library.path" value="C:\Program Files\Java\jdk1.8.0_72\bin;C:\WINDOWS\Sun\Java\bin;C:\WINDOWS\system32;C:\WINDOWS;C:\ProgramData\Oracle\Java\javapath;C:\Program Files\Dell\DW WLAN Card;C:\Program Files (x86)\Intel\iCLS Client\;C:\Program Files\Intel\iCLS Client\;C:\Windows\system32;C:\Windows;C:\Windows\System32\Wbem;C:\Windows\System32\WindowsPowerShell\v1.0\;C:\Program Files (x86)\Intel\Intel(R) Management Engine Components\DAL;C:\Program Files\Intel\Intel(R) Management Engine Components\DAL;C:\Program Files (x86)\Intel\Intel(R) Management Engine Components\IPT;C:\Program Files\Intel\Intel(R) Management Engine Components\IPT;C:\Program Files\WIDCOMM\Bluetooth Software\;C:\Program Files\WIDCOMM\Bluetooth Software\syswow64;C:\Program Files (x86)\NVIDIA Corporation\PhysX\Common;C:\Program Files\Git\cmd;C:\Program Files\apache-maven-3.3.9\bin\;C:\WINDOWS\system32;C:\WINDOWS;C:\WINDOWS\System32\Wbem;C:\WINDOWS\System32\WindowsPowerShell\v1.0\;C:\Program Files (x86)\PharosSystems\Core;C:\Program Files (x86)\MiKTeX 2.9\miktex\bin\;C:\Program Files (x86)\Google\Google Apps Sync\;C:\Program Files\TortoiseSVN\bin;C:\Program Files (x86)\Heroku\bin;C:\Program Files (x86)\git\cmd;C:\Program Files (x86)\CMake\bin;C:\Program Files (x86)\Skype\Phone\;C:\Program Files\Java\jdk1.8.0_72\bin\;C:\Program Files (x86)\Vim\vim74;C:\Users\Zach Zundel\AppData\Local\Programs\Python\Python35-32\;."/>
    <property name="java.specification.name" value="Java Platform API Specification"/>
    <property name="java.class.version" value="52.0"/>
    <property name="sun.management.compiler" value="HotSpot 64-Bit Tiered Compilers"/>
    <property name="os.version" value="10.0"/>
    <property name="user.home" value="C:\Users\Zach Zundel"/>
    <property name="user.timezone" value="Europe/Paris"/>
    <property name="java.awt.printerjob" value="sun.awt.windows.WPrinterJob"/>
    <property name="java.specification.version" value="1.8"/>
    <property name="file.encoding" value="Cp1252"/>
    <property name="user.name" value="Zach Zundel"/>
    <property name="java.class.path" value="C:\Program Files\apache-maven-3.3.9\bin\..\boot\plexus-classworlds-2.5.2.jar"/>
    <property name="java.vm.specification.version" value="1.8"/>
    <property name="sun.arch.data.model" value="64"/>
    <property name="java.home" value="C:\Program Files\Java\jdk1.8.0_72\jre"/>
    <property name="sun.java.command" value="org.codehaus.plexus.classworlds.launcher.Launcher package"/>
    <property name="java.specification.vendor" value="Oracle Corporation"/>
    <property name="user.language" value="en"/>
    <property name="awt.toolkit" value="sun.awt.windows.WToolkit"/>
    <property name="java.vm.info" value="mixed mode"/>
    <property name="java.version" value="1.8.0_72"/>
    <property name="java.ext.dirs" value="C:\Program Files\Java\jdk1.8.0_72\jre\lib\ext;C:\WINDOWS\Sun\Java\lib\ext"/>
    <property name="sun.boot.class.path" value="C:\Program Files\Java\jdk1.8.0_72\jre\lib\resources.jar;C:\Program Files\Java\jdk1.8.0_72\jre\lib\rt.jar;C:\Program Files\Java\jdk1.8.0_72\jre\lib\sunrsasign.jar;C:\Program Files\Java\jdk1.8.0_72\jre\lib\jsse.jar;C:\Program Files\Java\jdk1.8.0_72\jre\lib\jce.jar;C:\Program Files\Java\jdk1.8.0_72\jre\lib\charsets.jar;C:\Program Files\Java\jdk1.8.0_72\jre\lib\jfr.jar;C:\Program Files\Java\jdk1.8.0_72\jre\classes"/>
    <property name="sun.stderr.encoding" value="cp850"/>
    <property name="java.vendor" value="Oracle Corporation"/>
    <property name="maven.home" value="C:\Program Files\apache-maven-3.3.9\bin\.."/>
    <property name="file.separator" value="\"/>
    <property name="java.vendor.url.bug" value="http://bugreport.sun.com/bugreport/"/>
    <property name="sun.cpu.endian" value="little"/>
    <property name="sun.io.unicode.encoding" value="UnicodeLittle"/>
    <property name="sun.stdout.encoding" value="cp850"/>
    <property name="sun.desktop" value="windows"/>
    <property name="sun.cpu.isalist" value="amd64"/>
  </properties>
  <testcase classname="org.sbolstandard.core2.SBOLWriterTest" name="test_BBa_I0462_File" time="0.049"/>
  <testcase classname="org.sbolstandard.core2.SBOLWriterTest" name="test_ModelOutput" time="0"/>
  <testcase classname="org.sbolstandard.core2.SBOLWriterTest" name="test_SBOLDocumentOutput" time="0"/>
  <testcase classname="org.sbolstandard.core2.SBOLWriterTest" name="test_singleFunctionalComponent" time="0"/>
  <testcase classname="org.sbolstandard.core2.SBOLWriterTest" name="test_CutExample" time="0"/>
  <testcase classname="org.sbolstandard.core2.SBOLWriterTest" name="test_AnnotationOutput" time="0"/>
  <testcase classname="org.sbolstandard.core2.SBOLWriterTest" name="test_SequenceConstraintOutput" time="0.008"/>
  <testcase classname="org.sbolstandard.core2.SBOLWriterTest" name="test_SBOL1andSBOL2Test_File" time="0.003"/>
  <testcase classname="org.sbolstandard.core2.SBOLWriterTest" name="test_multipleSquences" time="0.002"/>
  <testcase classname="org.sbolstandard.core2.SBOLWriterTest" name="test_singleModel" time="0.002"/>
  <testcase classname="org.sbolstandard.core2.SBOLWriterTest" name="test_labhost_Saccharomyces_cerevisiae" time="0.162"/>
  <testcase classname="org.sbolstandard.core2.SBOLWriterTest" name="test_labhost_Schizosaccharomyces_pombe" time="0.019"/>
  <testcase classname="org.sbolstandard.core2.SBOLWriterTest" name="test_labhost_Unspecified" time="0.293"/>
  <testcase classname="org.sbolstandard.core2.SBOLWriterTest" name="test_labhost_Plant_Cells" time="0.182"/>
  <testcase classname="org.sbolstandard.core2.SBOLWriterTest" name="test_labhost_Aspergillus_nidulans" time="0.01"/>
  <testcase classname="org.sbolstandard.core2.SBOLWriterTest" name="test_GenericTopLevel_remove" time="0.001"/>
  <testcase classname="org.sbolstandard.core2.SBOLWriterTest" name="test_singleCollection" time="0.001"/>
  <testcase classname="org.sbolstandard.core2.SBOLWriterTest" name="test_pIKE_pTAK_toggle_switches" time="0.39"/>
  <testcase classname="org.sbolstandard.core2.SBOLWriterTest" name="test_Model_remove" time="0.001"/>
  <testcase classname="org.sbolstandard.core2.SBOLWriterTest" name="test_pIKE_pTAK_cassettes_2" time="0.132"/>
  <testcase classname="org.sbolstandard.core2.SBOLWriterTest" name="test_CreateAndRemoveModuleDefintion" time="0.001"/>
  <testcase classname="org.sbolstandard.core2.SBOLWriterTest" name="test_CollectionOutput" time="0.001"/>
  <testcase classname="org.sbolstandard.core2.SBOLWriterTest" name="test_memberAnnotations" time="0.004"/>
  <testcase classname="org.sbolstandard.core2.SBOLWriterTest" name="test_CreateAndRemoveComponentDefintion" time="0.001"/>
  <testcase classname="org.sbolstandard.core2.SBOLWriterTest" name="test_multipleGenericTopLevel" time="0.001"/>
  <testcase classname="org.sbolstandard.core2.SBOLWriterTest" name="test_toggle_File" time="0.019"/>
  <testcase classname="org.sbolstandard.core2.SBOLWriterTest" name="test_partial_pIKE_right_casette" time="0.015"/>
  <testcase classname="org.sbolstandard.core2.SBOLWriterTest" name="test_pIKE_pTAK_cassettes" time="0.131"/>
  <testcase classname="org.sbolstandard.core2.SBOLWriterTest" name="test_singleSequence" time="0.002"/>
  <testcase classname="org.sbolstandard.core2.SBOLWriterTest" name="test_labhost_Pichia_pastoris" time="0.054"/>
  <testcase classname="org.sbolstandard.core2.SBOLWriterTest" name="test_partial_pTAK_right_cassette" time="0.015"/>
  <testcase classname="org.sbolstandard.core2.SBOLWriterTest" name="test_SimpleComponentDefinitionExample" time="0.002"/>
  <testcase classname="org.sbolstandard.core2.SBOLWriterTest" name="test_single_emptyModuleDefinition" time="0.002"/>
  <testcase classname="org.sbolstandard.core2.SBOLWriterTest" name="test_SequenceOutput" time="0.001"/>
  <testcase classname="org.sbolstandard.core2.SBOLWriterTest" name="test_CreateAndRemoveGenericTopLevel" time="0.001"/>
  <testcase classname="org.sbolstandard.core2.SBOLWriterTest" name="test_partial_pTAK_left_cassette" time="0.013"/>
  <testcase classname="org.sbolstandard.core2.SBOLWriterTest" name="test_singleGenericTopLevel" time="0.001"/>
  <testcase classname="org.sbolstandard.core2.SBOLWriterTest" name="test_labhost_Escherichia_Coli" time="0.594"/>
  <testcase classname="org.sbolstandard.core2.SBOLWriterTest" name="test_labhost_Gramnegative_bacteria" time="0.014"/>
  <testcase classname="org.sbolstandard.core2.SBOLWriterTest" name="test_singleComponentDefinition" time="0.001"/>
  <testcase classname="org.sbolstandard.core2.SBOLWriterTest" name="test_singleCompDef_withSeq" time="0.001"/>
  <testcase classname="org.sbolstandard.core2.SBOLWriterTest" name="test_multipleCollections_no_Members" time="0.001"/>
  <testcase classname="org.sbolstandard.core2.SBOLWriterTest" name="test_Sequence_remove" time="0.001"/>
  <testcase classname="org.sbolstandard.core2.SBOLWriterTest" name="test_labhost_Insect_Cells" time="0.184"/>
  <testcase classname="org.sbolstandard.core2.SBOLWriterTest" name="test_SimpleModuleDefinition" time="0.002"/>
  <testcase classname="org.sbolstandard.core2.SBOLWriterTest" name="test_labhost_Drosophila_melanogaster" time="0.016"/>
  <testcase classname="org.sbolstandard.core2.SBOLWriterTest" name="test_ModuleDefinition_remove" time="0.001"/>
  <testcase classname="org.sbolstandard.core2.SBOLWriterTest" name="test_partial_pIKE_left_cassette" time="0.01"/>
  <testcase classname="org.sbolstandard.core2.SBOLWriterTest" name="test_labhost_Bacillus_subtilis" time="0.009"/>
  <testcase classname="org.sbolstandard.core2.SBOLWriterTest" name="test_CreateAndRemoveCollections" time="0.001"/>
  <testcase classname="org.sbolstandard.core2.SBOLWriterTest" name="test_ComponentDefinitionOutput" time="0.005"/>
  <testcase classname="org.sbolstandard.core2.SBOLWriterTest" name="test_Collection_remove" time="0.001"/>
  <testcase classname="org.sbolstandard.core2.SBOLWriterTest" name="test_ComponentDefinition_remove" time="0.001"/>
  <testcase classname="org.sbolstandard.core2.SBOLWriterTest" name="test_BBa_T9002_File" time="0.086"/>
  <testcase classname="org.sbolstandard.core2.SBOLWriterTest" name="test_ModuleDefinitionOutput" time="0.015"/>
  <testcase classname="org.sbolstandard.core2.SBOLWriterTest" name="test_partial_pIKE_right_cassette" time="0.017"/>
  <testcase classname="org.sbolstandard.core2.SBOLWriterTest" name="test_labhost_Mammalian_Cells" time="0.732"/>
  <testcase classname="org.sbolstandard.core2.SBOLWriterTest" name="test_labhost_Kluyveromyces_lactis" time="0.017"/>
  <testcase classname="org.sbolstandard.core2.SBOLWriterTest" name="test_GenericTopLevelOutput" time="0.002"/>
  <testcase classname="org.sbolstandard.core2.SBOLWriterTest" name="test_igem1_File" time="0.091"/>
  <testcase classname="org.sbolstandard.core2.SBOLWriterTest" name="test_igem2_File" time="0.112"/>
  <testcase classname="org.sbolstandard.core2.SBOLWriterTest" name="test_CreateAndRemoveModel" time="0.003"/>
  <testcase classname="org.sbolstandard.core2.SBOLWriterTest" name="test_labhost_All_File" time="1.805"/>
  <testcase classname="org.sbolstandard.core2.SBOLWriterTest" name="test_igem3_File" time="0.09"/>
  <testcase classname="org.sbolstandard.core2.SBOLWriterTest" name="test_GenBank_Files" time="0.151"/>
  <testcase classname="org.sbolstandard.core2.SBOLWriterTest" name="test_pIKE_pTAK_left_right_cassettes" time="0.194"/>
</testsuite>